*** Starting uWSGI 2.0.18 (64bit) on [Fri Nov 22 18:03:22 2019] ***
compiled with version: 7.4.0 on 19 November 2019 17:55:36
os: Linux-4.15.0-66-generic #75-Ubuntu SMP Tue Oct 1 05:24:09 UTC 2019
nodename: webtech-53
machine: x86_64
clock source: unix
detected number of CPU cores: 1
current working directory: /home/40313888/release
detected binary path: /home/40313888/release/bin/uwsgi
!!! no internal routing support, rebuild with pcre support !!!
chdir() to /home/40313888/release/
your processes number limit is 3604
your memory page size is 4096 bytes
detected max file descriptor number: 1024
lock engine: pthread robust mutexes
thunder lock: disabled (you can enable it with --thunder-lock)
bind(): Permission denied [core/socket.c line 769]
*** Starting uWSGI 2.0.18 (64bit) on [Fri Nov 22 18:04:33 2019] ***
compiled with version: 7.4.0 on 19 November 2019 17:55:36
os: Linux-4.15.0-66-generic #75-Ubuntu SMP Tue Oct 1 05:24:09 UTC 2019
nodename: webtech-53
machine: x86_64
clock source: unix
detected number of CPU cores: 1
current working directory: /home/40313888/release
detected binary path: /home/40313888/release/bin/uwsgi
!!! no internal routing support, rebuild with pcre support !!!
chdir() to /home/40313888/release/
your processes number limit is 3604
your memory page size is 4096 bytes
detected max file descriptor number: 1024
lock engine: pthread robust mutexes
thunder lock: disabled (you can enable it with --thunder-lock)
bind(): Permission denied [core/socket.c line 769]
*** Starting uWSGI 2.0.18 (64bit) on [Fri Nov 22 18:06:36 2019] ***
compiled with version: 7.4.0 on 19 November 2019 17:55:36
os: Linux-4.15.0-66-generic #75-Ubuntu SMP Tue Oct 1 05:24:09 UTC 2019
nodename: webtech-53
machine: x86_64
clock source: unix
detected number of CPU cores: 1
current working directory: /home/40313888/release
detected binary path: /home/40313888/release/bin/uwsgi
!!! no internal routing support, rebuild with pcre support !!!
chdir() to /home/40313888/release/
your processes number limit is 3604
your memory page size is 4096 bytes
detected max file descriptor number: 1024
lock engine: pthread robust mutexes
thunder lock: disabled (you can enable it with --thunder-lock)
bind(): Permission denied [core/socket.c line 769]
*** Starting uWSGI 2.0.18 (64bit) on [Fri Nov 22 18:07:47 2019] ***
compiled with version: 7.4.0 on 19 November 2019 17:55:36
os: Linux-4.15.0-66-generic #75-Ubuntu SMP Tue Oct 1 05:24:09 UTC 2019
nodename: webtech-53
machine: x86_64
clock source: unix
detected number of CPU cores: 1
current working directory: /home/40313888/release
detected binary path: /home/40313888/release/bin/uwsgi
!!! no internal routing support, rebuild with pcre support !!!
chdir() to /home/40313888/release/
your processes number limit is 3604
your memory page size is 4096 bytes
detected max file descriptor number: 1024
lock engine: pthread robust mutexes
thunder lock: disabled (you can enable it with --thunder-lock)
bind(): Permission denied [core/socket.c line 769]
